2025-08-06 01:07:13,302 - INFO - Fetching from Utusan Malaysia...
2025-08-06 01:07:14,160 - INFO - Successfully processed Utusan Malaysia
2025-08-06 01:07:15,160 - INFO - Fetching from Berita Harian...
2025-08-06 01:07:15,369 - INFO - Successfully processed Berita Harian
2025-08-06 01:07:16,369 - INFO - Fetching from Harian Metro...
2025-08-06 01:07:17,734 - INFO - Successfully processed Harian Metro
2025-08-06 01:07:18,734 - INFO - Fetching from Kosmo...
2025-08-06 01:07:19,712 - INFO - Successfully processed Kosmo
2025-08-06 01:07:20,712 - INFO - Fetching from Astro Awani...
2025-08-06 01:07:20,991 - INFO - Successfully processed Astro Awani
2025-08-06 01:07:22,018 - INFO - 131 news items saved to news/malay_news_2025-08-06.csv and news/malay_news_2025-08-06.parquet
2025-08-06 01:07:22,018 - INFO - Scrape completed. Total sources: 5, Successful: 5, Failed: 0, Articles collected: 131
2025-08-06 01:08:11,997 - INFO - Fetching from Utusan Malaysia...
2025-08-06 01:08:12,804 - INFO - Successfully processed Utusan Malaysia
2025-08-06 01:08:13,805 - INFO - Fetching from Berita Harian...
2025-08-06 01:08:14,466 - INFO - Successfully processed Berita Harian
2025-08-06 01:08:15,466 - INFO - Fetching from Harian Metro...
2025-08-06 01:08:15,504 - INFO - Successfully processed Harian Metro
2025-08-06 01:08:16,504 - INFO - Fetching from Kosmo...
2025-08-06 01:08:17,364 - INFO - Successfully processed Kosmo
2025-08-06 01:08:18,364 - INFO - Fetching from Astro Awani...
2025-08-06 01:08:18,499 - INFO - Successfully processed Astro Awani
2025-08-06 01:08:19,514 - INFO - 131 news items saved to /workspaces/ner_news_malay/scraper/news/malay_news_2025-08-06.csv and /workspaces/ner_news_malay/scraper/news/malay_news_2025-08-06.parquet
2025-08-06 01:08:19,514 - INFO - Scrape completed. Total sources: 5, Successful: 5, Failed: 0, Articles collected: 131
