2025-08-05 04:01:37,424 - INFO - Fetching from Utusan Malaysia...
2025-08-05 04:01:38,280 - INFO - Successfully processed Utusan Malaysia
2025-08-05 04:01:39,281 - INFO - Fetching from Berita Harian...
2025-08-05 04:01:39,413 - INFO - Successfully processed Berita Harian
2025-08-05 04:01:40,415 - INFO - Fetching from Harian Metro...
2025-08-05 04:01:40,675 - INFO - Successfully processed Harian Metro
2025-08-05 04:01:41,677 - INFO - Fetching from Kosmo...
2025-08-05 04:01:42,445 - INFO - Successfully processed Kosmo
2025-08-05 04:01:43,450 - INFO - Fetching from Astro Awani...
2025-08-05 04:01:43,799 - INFO - Successfully processed Astro Awani
2025-08-05 04:01:44,918 - ERROR - Failed to save files: Unable to find a usable engine; tried using: 'pyarrow', 'fastparquet'.
A suitable version of pyarrow or fastparquet is required for parquet support.
Trying to import the above resulted in these errors:
 - Missing optional dependency 'pyarrow'. pyarrow is required for parquet support. Use pip or conda to install pyarrow.
 - Missing optional dependency 'fastparquet'. fastparquet is required for parquet support. Use pip or conda to install fastparquet.
2025-08-05 04:01:44,918 - INFO - Scrape completed. Total sources: 5, Successful: 5, Failed: 0, Articles collected: 131
2025-08-05 04:02:38,176 - INFO - Fetching from Utusan Malaysia...
2025-08-05 04:02:39,022 - INFO - Successfully processed Utusan Malaysia
2025-08-05 04:02:40,022 - INFO - Fetching from Berita Harian...
2025-08-05 04:02:40,631 - INFO - Successfully processed Berita Harian
2025-08-05 04:02:41,632 - INFO - Fetching from Harian Metro...
2025-08-05 04:02:41,722 - INFO - Successfully processed Harian Metro
2025-08-05 04:02:42,722 - INFO - Fetching from Kosmo...
2025-08-05 04:02:43,496 - INFO - Successfully processed Kosmo
2025-08-05 04:02:44,497 - INFO - Fetching from Astro Awani...
2025-08-05 04:02:44,721 - INFO - Successfully processed Astro Awani
2025-08-05 04:02:45,741 - INFO - 131 news items saved to news/malay_news_2025-08-05.csv and news/malay_news_2025-08-05.parquet
2025-08-05 04:02:45,741 - INFO - Scrape completed. Total sources: 5, Successful: 5, Failed: 0, Articles collected: 131
